2026-02-16T03:30:53Z	Edit	failure	/test.ts
2026-02-16T03:30:53Z	Write	success	/var/folders/30/rgkwpbzx2jgffphp6js07r9h0000gn/T/tmp.6uKEZ5mmpq/src/utils/helper.ts
2026-02-16T03:30:53Z	Write	success	/var/folders/30/rgkwpbzx2jgffphp6js07r9h0000gn/T/tmp.J42izcxAsb/src/node_modules/pkg/index.js
2026-02-16T03:30:53Z	Write	success	/var/folders/30/rgkwpbzx2jgffphp6js07r9h0000gn/T/tmp.5TEtNdPl9G/src/utils/file5.ts
2026-02-16T03:31:54Z	Edit	failure	/test.ts
2026-02-16T03:31:54Z	Write	success	/var/folders/30/rgkwpbzx2jgffphp6js07r9h0000gn/T/tmp.4ZJ1y6tTV5/src/utils/helper.ts
2026-02-16T03:31:55Z	Write	success	/var/folders/30/rgkwpbzx2jgffphp6js07r9h0000gn/T/tmp.jgPsI5WAAJ/src/node_modules/pkg/index.js
2026-02-16T03:31:55Z	Write	success	/var/folders/30/rgkwpbzx2jgffphp6js07r9h0000gn/T/tmp.KQNz6HTNXA/src/utils/file5.ts
2026-02-16T07:02:16Z	Edit	failure	/test.ts
2026-02-16T07:02:17Z	Write	success	/var/folders/30/rgkwpbzx2jgffphp6js07r9h0000gn/T/tmp.ldUNk2nhId/src/utils/helper.ts
2026-02-16T07:02:17Z	Write	success	/var/folders/30/rgkwpbzx2jgffphp6js07r9h0000gn/T/tmp.n2WjvwCPGk/src/node_modules/pkg/index.js
2026-02-16T07:02:17Z	Write	success	/var/folders/30/rgkwpbzx2jgffphp6js07r9h0000gn/T/tmp.hpgfWOHv8a/src/utils/file5.ts
2026-02-16T07:03:59Z	Edit	failure	/test.ts
2026-02-16T07:04:00Z	Write	success	/var/folders/30/rgkwpbzx2jgffphp6js07r9h0000gn/T/tmp.WY6ETgSROq/src/utils/helper.ts
2026-02-16T07:04:00Z	Write	success	/var/folders/30/rgkwpbzx2jgffphp6js07r9h0000gn/T/tmp.u6sIljU2ns/src/node_modules/pkg/index.js
2026-02-16T07:04:00Z	Write	success	/var/folders/30/rgkwpbzx2jgffphp6js07r9h0000gn/T/tmp.9CKHdHmTox/src/utils/file5.ts
2026-02-16T07:12:25Z	Edit	failure	/test.ts
2026-02-16T07:12:26Z	Write	success	/var/folders/30/rgkwpbzx2jgffphp6js07r9h0000gn/T/tmp.w9rG0JkvJ4/src/utils/helper.ts
2026-02-16T07:12:26Z	Write	success	/var/folders/30/rgkwpbzx2jgffphp6js07r9h0000gn/T/tmp.q6jBc4diSN/src/node_modules/pkg/index.js
2026-02-16T07:12:26Z	Write	success	/var/folders/30/rgkwpbzx2jgffphp6js07r9h0000gn/T/tmp.mL9w4fOhrU/src/utils/file5.ts
